#
# A fatal error has been detected by the Java Runtime Environment:
#
#  EXCEPTION_ACCESS_VIOLATION (0xc0000005) at pc=0x0000000000000000, pid=5484, tid=9880
#
# JRE version: Java(TM) SE Runtime Environment (11.0.5+10) (build 11.0.5+10-LTS)
# Java VM: Java HotSpot(TM) 64-Bit Server VM (11.0.5+10-LTS, mixed mode, tiered, compressed oops, g1 gc, windows-amd64)
# Problematic frame:
# C  0x0000000000000000
#
# No core dump will be written. Minidumps are not enabled by default on client versions of Windows
#
# If you would like to submit a bug report, please visit:
#   http://bugreport.java.com/bugreport/crash.jsp
#

---------------  S U M M A R Y ------------

Command Line: -Dclassworlds.conf=C:\Program Files\NetBeans-11.2\netbeans\java\maven\bin\m2.conf -Dmaven.home=C:\Program Files\NetBeans-11.2\netbeans\java\maven -Dmaven.multiModuleProjectDirectory=C:\Users\Ruxi\Documents\NetBeansProjects\Assignment2 org.codehaus.plexus.classworlds.launcher.Launcher -Dexec.args=-classpath %classpath assignment2.ParsareTxt -Dexec.executable=C:\Program Files\Java\jdk-11.0.5\bin\java.exe -Dexec.classpathScope=runtime -Dmaven.ext.class.path=C:\Program Files\NetBeans-11.2\netbeans\java\maven-nblib\netbeans-eventspy.jar -Dfile.encoding=UTF-8 process-classes org.codehaus.mojo:exec-maven-plugin:1.5.0:exec

Host: Intel(R) Core(TM) i3-4160 CPU @ 3.60GHz, 4 cores, 7G,  Windows 10 , 64 bit Build 18362 (10.0.18362.329)
Time: Mon Jan 27 00:11:26 2020 GTB Standard Time elapsed time: 2 seconds (0d 0h 0m 2s)

---------------  T H R E A D  ---------------

Current thread (0x0000023a4f2b5000):  JavaThread "C1 CompilerThread0" daemon [_thread_in_native, id=9880, stack(0x000000811dd00000,0x000000811de00000)]


Current CompileTask:
C1:   2732 3970       3       sun.nio.fs.NativeBuffers::getNativeBuffer (21 bytes)

Stack: [0x000000811dd00000,0x000000811de00000],  sp=0x000000811ddfeb08,  free space=1018k
Native frames: (J=compiled Java code, j=interpreted, Vv=VM code, C=native code)


siginfo: EXCEPTION_ACCESS_VIOLATION (0xc0000005), data execution prevention violation at address 0x0000000000000000


Register to memory mapping:

RIP=0x0 is NULL
RAX=0x0000023a2ee51000 points into unknown readable memory: 00 00 00 00 00 00 00 00
RBX=0x000000811ddff318 is pointing into the stack for thread: 0x0000023a4f2b5000
RCX=0x0 is NULL
RDX=0x0 is NULL
RSP=0x000000811ddfeb08 is pointing into the stack for thread: 0x0000023a4f2b5000
RBP=0x000000811ddfec10 is pointing into the stack for thread: 0x0000023a4f2b5000
RSI=0x0000023a30f6e430 points into unknown readable memory: 70 be dc 7a fe 7f 00 00
RDI=0x000000811ddfec10 is pointing into the stack for thread: 0x0000023a4f2b5000
R8 =0x0 is NULL
R9 =0x0000023a39200b80 is at begin+0 in a stub
StubRoutines::atomic_cmpxchg_long [0x0000023a39200b80, 0x0000023a39200b89[ (9 bytes)
R10=0x000000000000006f is an unknown value
R11=0x000000000000006f is an unknown value
R12=0x0000023a4f2b5000 is a thread
R13={method} {0x0000023a4f643f40} 'getNativeBuffer' '(I)Lsun/nio/fs/NativeBuffer;' in 'sun/nio/fs/NativeBuffers'
R14=0x0 is NULL
R15=0x0 is NULL


Registers:
RAX=0x0000023a2ee51000, RBX=0x000000811ddff318, RCX=0x0000000000000000, RDX=0x0000000000000000
RSP=0x000000811ddfeb08, RBP=0x000000811ddfec10, RSI=0x0000023a30f6e430, RDI=0x000000811ddfec10
R8 =0x0000000000000000, R9 =0x0000023a39200b80, R10=0x000000000000006f, R11=0x000000000000006f
R12=0x0000023a4f2b5000, R13=0x0000023a4f643f38, R14=0x0000000000000000, R15=0x0000000000000000
RIP=0x0000000000000000, EFLAGS=0x0000000000010202

Top of Stack: (sp=0x000000811ddfeb08)
0x000000811ddfeb08:   00007ffe7a7a656c 0000023a30f6e430
0x000000811ddfeb18:   0000023a503490c0 0000023a503490c0
0x000000811ddfeb28:   000000811ddfec10 0000023a4f2b5890
0x000000811ddfeb38:   0000000000000000 00000003ffffffff
0x000000811ddfeb48:   0000023a4f2b5000 0000008100000000
0x000000811ddfeb58:   0000023a30f6e430 0000023a4f2b5000
0x000000811ddfeb68:   0000023a30f6eb30 0000023a2ed1ad18
0x000000811ddfeb78:   0000023a4f2aa4d0 0000000000000000
0x000000811ddfeb88:   0000023a000015ee 0000023a2ed1ad10
0x000000811ddfeb98:   0000000000000f82 0000023a4f62f588
0x000000811ddfeba8:   0000023a4f2b5000 0000023a4f643f38
0x000000811ddfebb8:   0000023a4f2b5000 0000000000000000
0x000000811ddfebc8:   00007ffe7ae59fe4 00007ffe7ae59f00
0x000000811ddfebd8:   0000023a4f2b5850 00000000000003d8
0x000000811ddfebe8:   0000023a4f2b5890 0000023a4f2b5c38
0x000000811ddfebf8:   0000000000000001 000000000000091f 

Instructions: (pc=0x0000000000000000)
0xffffffffffffffe0:   


Stack slot to memory mapping:
stack at sp + 0 slots: 0x00007ffe7a7a656c jvm.dll
stack at sp + 1 slots: 0x0000023a30f6e430 points into unknown readable memory: 70 be dc 7a fe 7f 00 00
stack at sp + 2 slots: 0x0000023a503490c0 points into unknown readable memory: 00 df 46 50 3a 02 00 00
stack at sp + 3 slots: 0x0000023a503490c0 points into unknown readable memory: 00 df 46 50 3a 02 00 00
stack at sp + 4 slots: 0x000000811ddfec10 is pointing into the stack for thread: 0x0000023a4f2b5000
stack at sp + 5 slots: 0x0000023a4f2b5890 points into unknown readable memory: 73 75 6e 2e 6e 69 6f 2e
stack at sp + 6 slots: 0x0 is NULL
stack at sp + 7 slots: 0x00000003ffffffff is an unknown value


---------------  P R O C E S S  ---------------

Threads class SMR info:
_java_thread_list=0x0000023a4ff6a200, length=11, elements={
0x0000023a30e97000, 0x0000023a4f26b800, 0x0000023a4f297800, 0x0000023a4f2a8800,
0x0000023a4f2a9800, 0x0000023a4f2ad000, 0x0000023a4f2b5000, 0x0000023a4f2b7800,
0x0000023a4fd6d000, 0x0000023a4fd7d800, 0x0000023a502c9800
}

Java Threads: ( => current thread )
  0x0000023a30e97000 JavaThread "main" [_thread_in_Java, id=5716, stack(0x000000811d100000,0x000000811d200000)]
  0x0000023a4f26b800 JavaThread "Reference Handler" daemon [_thread_blocked, id=6888, stack(0x000000811d800000,0x000000811d900000)]
  0x0000023a4f297800 JavaThread "Finalizer" daemon [_thread_blocked, id=9976, stack(0x000000811d900000,0x000000811da00000)]
  0x0000023a4f2a8800 JavaThread "Signal Dispatcher" daemon [_thread_blocked, id=9528, stack(0x000000811da00000,0x000000811db00000)]
  0x0000023a4f2a9800 JavaThread "Attach Listener" daemon [_thread_blocked, id=5192, stack(0x000000811db00000,0x000000811dc00000)]
  0x0000023a4f2ad000 JavaThread "C2 CompilerThread0" daemon [_thread_in_native, id=1580, stack(0x000000811dc00000,0x000000811dd00000)]
=>0x0000023a4f2b5000 JavaThread "C1 CompilerThread0" daemon [_thread_in_native, id=9880, stack(0x000000811dd00000,0x000000811de00000)]
  0x0000023a4f2b7800 JavaThread "Sweeper thread" daemon [_thread_blocked, id=10164, stack(0x000000811de00000,0x000000811df00000)]
  0x0000023a4fd6d000 JavaThread "Service Thread" daemon [_thread_blocked, id=10100, stack(0x000000811df00000,0x000000811e000000)]
  0x0000023a4fd7d800 JavaThread "Common-Cleaner" daemon [_thread_blocked, id=3264, stack(0x000000811e100000,0x000000811e200000)]
  0x0000023a502c9800 JavaThread "C2 CompilerThread1" daemon [_thread_in_native, id=5768, stack(0x000000811e400000,0x000000811e500000)]

Other Threads:
  0x0000023a4f269000 VMThread "VM Thread" [stack: 0x000000811d700000,0x000000811d800000] [id=4712]
  0x0000023a4fd78000 WatcherThread [stack: 0x000000811e000000,0x000000811e100000] [id=9752]
  0x0000023a30eae000 GCTaskThread "GC Thread#0" [stack: 0x000000811d200000,0x000000811d300000] [id=4808]
  0x0000023a50367000 GCTaskThread "GC Thread#1" [stack: 0x000000811e200000,0x000000811e300000] [id=7208]
  0x0000023a5034b000 GCTaskThread "GC Thread#2" [stack: 0x000000811e300000,0x000000811e400000] [id=1644]
  0x0000023a30edd000 ConcurrentGCThread "G1 Main Marker" [stack: 0x000000811d300000,0x000000811d400000] [id=5984]
  0x0000023a30edf800 ConcurrentGCThread "G1 Conc#0" [stack: 0x000000811d400000,0x000000811d500000] [id=8516]
  0x0000023a30f61800 ConcurrentGCThread "G1 Refine#0" [stack: 0x000000811d500000,0x000000811d600000] [id=1232]
  0x0000023a30f62800 ConcurrentGCThread "G1 Young RemSet Sampling" [stack: 0x000000811d600000,0x000000811d700000] [id=4504]

Threads with active compile tasks:
C2 CompilerThread03462   !   4       jdk.internal.loader.BuiltinClassLoader::loadClassOrNull (143 bytes)
C1 CompilerThread03970       3       sun.nio.fs.NativeBuffers::getNativeBuffer (21 bytes)
C2 CompilerThread13808   !   4       com.sun.tools.javac.jvm.ClassReader::classSigToType (498 bytes)

VM state:not at safepoint (normal execution)

VM Mutex/Monitor currently owned by a thread: None

Heap address: 0x0000000080e00000, size: 2034 MB, Compressed Oops mode: 32-bit
Narrow klass base: 0x0000000000000000, Narrow klass shift: 3
Compressed class space size: 1073741824 Address: 0x0000000100000000

Heap:
 garbage-first heap   total 157696K, used 15662K [0x0000000080e00000, 0x0000000100000000)
  region size 1024K, 13 young (13312K), 8 survivors (8192K)
 Metaspace       used 30142K, capacity 30868K, committed 31024K, reserved 1077248K
  class space    used 3383K, capacity 3661K, committed 3712K, reserved 1048576K
Heap Regions: E=young(eden), S=young(survivor), O=old, HS=humongous(starts), HC=humongous(continues), CS=collection set, F=free, A=archive, TAMS=top-at-mark-start (previous, next)
|   0|0x0000000080e00000, 0x0000000080f00000, 0x0000000080f00000|100%| O|  |TAMS 0x0000000080f00000, 0x0000000080e00000| Untracked 
|   1|0x0000000080f00000, 0x0000000081000000, 0x0000000081000000|100%| O|  |TAMS 0x0000000081000000, 0x0000000080f00000| Untracked 
|   2|0x0000000081000000, 0x0000000081100000, 0x0000000081100000|100%| O|  |TAMS 0x00000000810ec200, 0x0000000081000000| Untracked 
|   3|0x0000000081100000, 0x000000008114b800, 0x0000000081200000| 29%| O|  |TAMS 0x0000000081100000, 0x0000000081100000| Untracked 
|   4|0x0000000081200000, 0x0000000081200000, 0x0000000081300000|  0%| F|  |TAMS 0x0000000081200000, 0x0000000081200000| Untracked 
|   5|0x0000000081300000, 0x0000000081300000, 0x0000000081400000|  0%| F|  |TAMS 0x0000000081300000, 0x0000000081300000| Untracked 
|   6|0x0000000081400000, 0x0000000081400000, 0x0000000081500000|  0%| F|  |TAMS 0x0000000081400000, 0x0000000081400000| Untracked 
|   7|0x0000000081500000, 0x0000000081500000, 0x0000000081600000|  0%| F|  |TAMS 0x0000000081500000, 0x0000000081500000| Untracked 
|   8|0x0000000081600000, 0x0000000081600000, 0x0000000081700000|  0%| F|  |TAMS 0x0000000081600000, 0x0000000081600000| Untracked 
|   9|0x0000000081700000, 0x0000000081700000, 0x0000000081800000|  0%| F|  |TAMS 0x0000000081700000, 0x0000000081700000| Untracked 
|  10|0x0000000081800000, 0x0000000081800000, 0x0000000081900000|  0%| F|  |TAMS 0x0000000081800000, 0x0000000081800000| Untracked 
|  11|0x0000000081900000, 0x0000000081900000, 0x0000000081a00000|  0%| F|  |TAMS 0x0000000081900000, 0x0000000081900000| Untracked 
|  12|0x0000000081a00000, 0x0000000081a00000, 0x0000000081b00000|  0%| F|  |TAMS 0x0000000081a00000, 0x0000000081a00000| Untracked 
|  13|0x0000000081b00000, 0x0000000081b00000, 0x0000000081c00000|  0%| F|  |TAMS 0x0000000081b00000, 0x0000000081b00000| Untracked 
|  14|0x0000000081c00000, 0x0000000081c00000, 0x0000000081d00000|  0%| F|  |TAMS 0x0000000081c00000, 0x0000000081c00000| Untracked 
|  15|0x0000000081d00000, 0x0000000081d00000, 0x0000000081e00000|  0%| F|  |TAMS 0x0000000081d00000, 0x0000000081d00000| Untracked 
|  16|0x0000000081e00000, 0x0000000081e00000, 0x0000000081f00000|  0%| F|  |TAMS 0x0000000081e00000, 0x0000000081e00000| Untracked 
|  17|0x0000000081f00000, 0x0000000081f00000, 0x0000000082000000|  0%| F|  |TAMS 0x0000000081f00000, 0x0000000081f00000| Untracked 
|  18|0x0000000082000000, 0x0000000082000000, 0x0000000082100000|  0%| F|  |TAMS 0x0000000082000000, 0x0000000082000000| Untracked 
|  19|0x0000000082100000, 0x0000000082100000, 0x0000000082200000|  0%| F|  |TAMS 0x0000000082100000, 0x0000000082100000| Untracked 
|  20|0x0000000082200000, 0x0000000082200000, 0x0000000082300000|  0%| F|  |TAMS 0x0000000082200000, 0x0000000082200000| Untracked 
|  21|0x0000000082300000, 0x0000000082300000, 0x0000000082400000|  0%| F|  |TAMS 0x0000000082300000, 0x0000000082300000| Untracked 
|  22|0x0000000082400000, 0x0000000082400000, 0x0000000082500000|  0%| F|  |TAMS 0x0000000082400000, 0x0000000082400000| Untracked 
|  23|0x0000000082500000, 0x0000000082500000, 0x0000000082600000|  0%| F|  |TAMS 0x0000000082500000, 0x0000000082500000| Untracked 
|  24|0x0000000082600000, 0x0000000082600000, 0x0000000082700000|  0%| F|  |TAMS 0x0000000082600000, 0x0000000082600000| Untracked 
|  25|0x0000000082700000, 0x0000000082700000, 0x0000000082800000|  0%| F|  |TAMS 0x0000000082700000, 0x0000000082700000| Untracked 
|  26|0x0000000082800000, 0x0000000082800000, 0x0000000082900000|  0%| F|  |TAMS 0x0000000082800000, 0x0000000082800000| Untracked 
|  27|0x0000000082900000, 0x0000000082900000, 0x0000000082a00000|  0%| F|  |TAMS 0x0000000082900000, 0x0000000082900000| Untracked 
|  28|0x0000000082a00000, 0x0000000082a00000, 0x0000000082b00000|  0%| F|  |TAMS 0x0000000082a00000, 0x0000000082a00000| Untracked 
|  29|0x0000000082b00000, 0x0000000082b00000, 0x0000000082c00000|  0%| F|  |TAMS 0x0000000082b00000, 0x0000000082b00000| Untracked 
|  30|0x0000000082c00000, 0x0000000082c00000, 0x0000000082d00000|  0%| F|  |TAMS 0x0000000082c00000, 0x0000000082c00000| Untracked 
|  31|0x0000000082d00000, 0x0000000082d00000, 0x0000000082e00000|  0%| F|  |TAMS 0x0000000082d00000, 0x0000000082d00000| Untracked 
|  32|0x0000000082e00000, 0x0000000082e00000, 0x0000000082f00000|  0%| F|  |TAMS 0x0000000082e00000, 0x0000000082e00000| Untracked 
|  33|0x0000000082f00000, 0x0000000082f00000, 0x0000000083000000|  0%| F|  |TAMS 0x0000000082f00000, 0x0000000082f00000| Untracked 
|  34|0x0000000083000000, 0x0000000083000000, 0x0000000083100000|  0%| F|  |TAMS 0x0000000083000000, 0x0000000083000000| Untracked 
|  35|0x0000000083100000, 0x0000000083100000, 0x0000000083200000|  0%| F|  |TAMS 0x0000000083100000, 0x0000000083100000| Untracked 
|  36|0x0000000083200000, 0x0000000083200000, 0x0000000083300000|  0%| F|  |TAMS 0x0000000083200000, 0x0000000083200000| Untracked 
|  37|0x0000000083300000, 0x0000000083300000, 0x0000000083400000|  0%| F|  |TAMS 0x0000000083300000, 0x0000000083300000| Untracked 
|  38|0x0000000083400000, 0x0000000083400000, 0x0000000083500000|  0%| F|  |TAMS 0x0000000083400000, 0x0000000083400000| Untracked 
|  39|0x0000000083500000, 0x0000000083500000, 0x0000000083600000|  0%| F|  |TAMS 0x0000000083500000, 0x0000000083500000| Untracked 
|  40|0x0000000083600000, 0x0000000083600000, 0x0000000083700000|  0%| F|  |TAMS 0x0000000083600000, 0x0000000083600000| Untracked 
|  41|0x0000000083700000, 0x0000000083700000, 0x0000000083800000|  0%| F|  |TAMS 0x0000000083700000, 0x0000000083700000| Untracked 
|  42|0x0000000083800000, 0x0000000083800000, 0x0000000083900000|  0%| F|  |TAMS 0x0000000083800000, 0x0000000083800000| Untracked 
|  43|0x0000000083900000, 0x0000000083900000, 0x0000000083a00000|  0%| F|  |TAMS 0x0000000083900000, 0x0000000083900000| Untracked 
|  44|0x0000000083a00000, 0x0000000083a00000, 0x0000000083b00000|  0%| F|  |TAMS 0x0000000083a00000, 0x0000000083a00000| Untracked 
|  45|0x0000000083b00000, 0x0000000083b00000, 0x0000000083c00000|  0%| F|  |TAMS 0x0000000083b00000, 0x0000000083b00000| Untracked 
|  46|0x0000000083c00000, 0x0000000083c00000, 0x0000000083d00000|  0%| F|  |TAMS 0x0000000083c00000, 0x0000000083c00000| Untracked 
|  47|0x0000000083d00000, 0x0000000083d00000, 0x0000000083e00000|  0%| F|  |TAMS 0x0000000083d00000, 0x0000000083d00000| Untracked 
|  48|0x0000000083e00000, 0x0000000083e00000, 0x0000000083f00000|  0%| F|  |TAMS 0x0000000083e00000, 0x0000000083e00000| Untracked 
|  49|0x0000000083f00000, 0x0000000083f00000, 0x0000000084000000|  0%| F|  |TAMS 0x0000000083f00000, 0x0000000083f00000| Untracked 
|  50|0x0000000084000000, 0x0000000084000000, 0x0000000084100000|  0%| F|  |TAMS 0x0000000084000000, 0x0000000084000000| Untracked 
|  51|0x0000000084100000, 0x0000000084100000, 0x0000000084200000|  0%| F|  |TAMS 0x0000000084100000, 0x0000000084100000| Untracked 
|  52|0x0000000084200000, 0x0000000084200000, 0x0000000084300000|  0%| F|  |TAMS 0x0000000084200000, 0x0000000084200000| Untracked 
|  53|0x0000000084300000, 0x0000000084300000, 0x0000000084400000|  0%| F|  |TAMS 0x0000000084300000, 0x0000000084300000| Untracked 
|  54|0x0000000084400000, 0x0000000084400000, 0x0000000084500000|  0%| F|  |TAMS 0x0000000084400000, 0x0000000084400000| Untracked 
|  55|0x0000000084500000, 0x0000000084500000, 0x0000000084600000|  0%| F|  |TAMS 0x0000000084500000, 0x0000000084500000| Untracked 
|  56|0x0000000084600000, 0x0000000084600000, 0x0000000084700000|  0%| F|  |TAMS 0x0000000084600000, 0x0000000084600000| Untracked 
|  57|0x0000000084700000, 0x0000000084700000, 0x0000000084800000|  0%| F|  |TAMS 0x0000000084700000, 0x0000000084700000| Untracked 
|  58|0x0000000084800000, 0x0000000084800000, 0x0000000084900000|  0%| F|  |TAMS 0x0000000084800000, 0x0000000084800000| Untracked 
|  59|0x0000000084900000, 0x0000000084900000, 0x0000000084a00000|  0%| F|  |TAMS 0x0000000084900000, 0x0000000084900000| Untracked 
|  60|0x0000000084a00000, 0x0000000084a00000, 0x0000000084b00000|  0%| F|  |TAMS 0x0000000084a00000, 0x0000000084a00000| Untracked 
|  61|0x0000000084b00000, 0x0000000084b00000, 0x0000000084c00000|  0%| F|  |TAMS 0x0000000084b00000, 0x0000000084b00000| Untracked 
|  62|0x0000000084c00000, 0x0000000084d00000, 0x0000000084d00000|100%| S|CS|TAMS 0x0000000084c00000, 0x0000000084c00000| Complete 
|  63|0x0000000084d00000, 0x0000000084e00000, 0x0000000084e00000|100%| S|CS|TAMS 0x0000000084d00000, 0x0000000084d00000| Complete 
|  64|0x0000000084e00000, 0x0000000084f00000, 0x0000000084f00000|100%| S|CS|TAMS 0x0000000084e00000, 0x0000000084e00000| Complete 
|  65|0x0000000084f00000, 0x0000000085000000, 0x0000000085000000|100%| S|CS|TAMS 0x0000000084f00000, 0x0000000084f00000| Complete 
|  66|0x0000000085000000, 0x0000000085100000, 0x0000000085100000|100%| S|CS|TAMS 0x0000000085000000, 0x0000000085000000| Complete 
|  67|0x0000000085100000, 0x0000000085200000, 0x0000000085200000|100%| S|CS|TAMS 0x0000000085100000, 0x0000000085100000| Complete 
|  68|0x0000000085200000, 0x0000000085300000, 0x0000000085300000|100%| S|CS|TAMS 0x0000000085200000, 0x0000000085200000| Complete 
|  69|0x0000000085300000, 0x0000000085400000, 0x0000000085400000|100%| S|CS|TAMS 0x0000000085300000, 0x0000000085300000| Complete 
|  70|0x0000000085400000, 0x0000000085400000, 0x0000000085500000|  0%| F|  |TAMS 0x0000000085400000, 0x0000000085400000| Untracked 
|  71|0x0000000085500000, 0x0000000085500000, 0x0000000085600000|  0%| F|  |TAMS 0x0000000085500000, 0x0000000085500000| Untracked 
|  72|0x0000000085600000, 0x0000000085600000, 0x0000000085700000|  0%| F|  |TAMS 0x0000000085600000, 0x0000000085600000| Untracked 
|  73|0x0000000085700000, 0x0000000085700000, 0x0000000085800000|  0%| F|  |TAMS 0x0000000085700000, 0x0000000085700000| Untracked 
|  74|0x0000000085800000, 0x0000000085800000, 0x0000000085900000|  0%| F|  |TAMS 0x0000000085800000, 0x0000000085800000| Untracked 
|  75|0x0000000085900000, 0x0000000085900000, 0x0000000085a00000|  0%| F|  |TAMS 0x0000000085900000, 0x0000000085900000| Untracked 
|  76|0x0000000085a00000, 0x0000000085a00000, 0x0000000085b00000|  0%| F|  |TAMS 0x0000000085a00000, 0x0000000085a00000| Untracked 
|  77|0x0000000085b00000, 0x0000000085b00000, 0x0000000085c00000|  0%| F|  |TAMS 0x0000000085b00000, 0x0000000085b00000| Untracked 
|  78|0x0000000085c00000, 0x0000000085c00000, 0x0000000085d00000|  0%| F|  |TAMS 0x0000000085c00000, 0x0000000085c00000| Untracked 
|  79|0x0000000085d00000, 0x0000000085d00000, 0x0000000085e00000|  0%| F|  |TAMS 0x0000000085d00000, 0x0000000085d00000| Untracked 
|  80|0x0000000085e00000, 0x0000000085e00000, 0x0000000085f00000|  0%| F|  |TAMS 0x0000000085e00000, 0x0000000085e00000| Untracked 
|  81|0x0000000085f00000, 0x0000000085f00000, 0x0000000086000000|  0%| F|  |TAMS 0x0000000085f00000, 0x0000000085f00000| Untracked 
|  82|0x0000000086000000, 0x0000000086000000, 0x0000000086100000|  0%| F|  |TAMS 0x0000000086000000, 0x0000000086000000| Untracked 
|  83|0x0000000086100000, 0x0000000086100000, 0x0000000086200000|  0%| F|  |TAMS 0x0000000086100000, 0x0000000086100000| Untracked 
|  84|0x0000000086200000, 0x0000000086200000, 0x0000000086300000|  0%| F|  |TAMS 0x0000000086200000, 0x0000000086200000| Untracked 
|  85|0x0000000086300000, 0x0000000086300000, 0x0000000086400000|  0%| F|  |TAMS 0x0000000086300000, 0x0000000086300000| Untracked 
|  86|0x0000000086400000, 0x0000000086400000, 0x0000000086500000|  0%| F|  |TAMS 0x0000000086400000, 0x0000000086400000| Untracked 
|  87|0x0000000086500000, 0x0000000086500000, 0x0000000086600000|  0%| F|  |TAMS 0x0000000086500000, 0x0000000086500000| Untracked 
|  88|0x0000000086600000, 0x0000000086600000, 0x0000000086700000|  0%| F|  |TAMS 0x0000000086600000, 0x0000000086600000| Untracked 
|  89|0x0000000086700000, 0x0000000086700000, 0x0000000086800000|  0%| F|  |TAMS 0x0000000086700000, 0x0000000086700000| Untracked 
|  90|0x0000000086800000, 0x0000000086800000, 0x0000000086900000|  0%| F|  |TAMS 0x0000000086800000, 0x0000000086800000| Untracked 
|  91|0x0000000086900000, 0x0000000086900000, 0x0000000086a00000|  0%| F|  |TAMS 0x0000000086900000, 0x0000000086900000| Untracked 
|  92|0x0000000086a00000, 0x0000000086a00000, 0x0000000086b00000|  0%| F|  |TAMS 0x0000000086a00000, 0x0000000086a00000| Untracked 
|  93|0x0000000086b00000, 0x0000000086b00000, 0x0000000086c00000|  0%| F|  |TAMS 0x0000000086b00000, 0x0000000086b00000| Untracked 
|  94|0x0000000086c00000, 0x0000000086c00000, 0x0000000086d00000|  0%| F|  |TAMS 0x0000000086c00000, 0x0000000086c00000| Untracked 
|  95|0x0000000086d00000, 0x0000000086d00000, 0x0000000086e00000|  0%| F|  |TAMS 0x0000000086d00000, 0x0000000086d00000| Untracked 
|  96|0x0000000086e00000, 0x0000000086e00000, 0x0000000086f00000|  0%| F|  |TAMS 0x0000000086e00000, 0x0000000086e00000| Untracked 
|  97|0x0000000086f00000, 0x0000000086f00000, 0x0000000087000000|  0%| F|  |TAMS 0x0000000086f00000, 0x0000000086f00000| Untracked 
|  98|0x0000000087000000, 0x0000000087000000, 0x0000000087100000|  0%| F|  |TAMS 0x0000000087000000, 0x0000000087000000| Untracked 
|  99|0x0000000087100000, 0x0000000087100000, 0x0000000087200000|  0%| F|  |TAMS 0x0000000087100000, 0x0000000087100000| Untracked 
| 100|0x0000000087200000, 0x0000000087200000, 0x0000000087300000|  0%| F|  |TAMS 0x0000000087200000, 0x0000000087200000| Untracked 
| 101|0x0000000087300000, 0x0000000087300000, 0x0000000087400000|  0%| F|  |TAMS 0x0000000087300000, 0x0000000087300000| Untracked 
| 102|0x0000000087400000, 0x0000000087400000, 0x0000000087500000|  0%| F|  |TAMS 0x0000000087400000, 0x0000000087400000| Untracked 
| 103|0x0000000087500000, 0x0000000087500000, 0x0000000087600000|  0%| F|  |TAMS 0x0000000087500000, 0x0000000087500000| Untracked 
| 104|0x0000000087600000, 0x0000000087600000, 0x0000000087700000|  0%| F|  |TAMS 0x0000000087600000, 0x0000000087600000| Untracked 
| 105|0x0000000087700000, 0x0000000087700000, 0x0000000087800000|  0%| F|  |TAMS 0x0000000087700000, 0x0000000087700000| Untracked 
| 106|0x0000000087800000, 0x0000000087800000, 0x0000000087900000|  0%| F|  |TAMS 0x0000000087800000, 0x0000000087800000| Untracked 
| 107|0x0000000087900000, 0x0000000087900000, 0x0000000087a00000|  0%| F|  |TAMS 0x0000000087900000, 0x0000000087900000| Untracked 
| 108|0x0000000087a00000, 0x0000000087a00000, 0x0000000087b00000|  0%| F|  |TAMS 0x0000000087a00000, 0x0000000087a00000| Untracked 
| 109|0x0000000087b00000, 0x0000000087b00000, 0x0000000087c00000|  0%| F|  |TAMS 0x0000000087b00000, 0x0000000087b00000| Untracked 
| 110|0x0000000087c00000, 0x0000000087c00000, 0x0000000087d00000|  0%| F|  |TAMS 0x0000000087c00000, 0x0000000087c00000| Untracked 
| 111|0x0000000087d00000, 0x0000000087d00000, 0x0000000087e00000|  0%| F|  |TAMS 0x0000000087d00000, 0x0000000087d00000| Untracked 
| 112|0x0000000087e00000, 0x0000000087e00000, 0x0000000087f00000|  0%| F|  |TAMS 0x0000000087e00000, 0x0000000087e00000| Untracked 
| 113|0x0000000087f00000, 0x0000000087f00000, 0x0000000088000000|  0%| F|  |TAMS 0x0000000087f00000, 0x0000000087f00000| Untracked 
| 114|0x0000000088000000, 0x0000000088000000, 0x0000000088100000|  0%| F|  |TAMS 0x0000000088000000, 0x0000000088000000| Untracked 
| 115|0x0000000088100000, 0x0000000088100000, 0x0000000088200000|  0%| F|  |TAMS 0x0000000088100000, 0x0000000088100000| Untracked 
| 116|0x0000000088200000, 0x0000000088200000, 0x0000000088300000|  0%| F|  |TAMS 0x0000000088200000, 0x0000000088200000| Untracked 
| 117|0x0000000088300000, 0x0000000088300000, 0x0000000088400000|  0%| F|  |TAMS 0x0000000088300000, 0x0000000088300000| Untracked 
| 118|0x0000000088400000, 0x0000000088400000, 0x0000000088500000|  0%| F|  |TAMS 0x0000000088400000, 0x0000000088400000| Untracked 
| 119|0x0000000088500000, 0x0000000088500000, 0x0000000088600000|  0%| F|  |TAMS 0x0000000088500000, 0x0000000088500000| Untracked 
| 120|0x0000000088600000, 0x0000000088600000, 0x0000000088700000|  0%| F|  |TAMS 0x0000000088600000, 0x0000000088600000| Untracked 
| 121|0x0000000088700000, 0x0000000088700000, 0x0000000088800000|  0%| F|  |TAMS 0x0000000088700000, 0x0000000088700000| Untracked 
| 122|0x0000000088800000, 0x0000000088800000, 0x0000000088900000|  0%| F|  |TAMS 0x0000000088800000, 0x0000000088800000| Untracked 
| 123|0x0000000088900000, 0x0000000088900000, 0x0000000088a00000|  0%| F|  |TAMS 0x0000000088900000, 0x0000000088900000| Untracked 
| 124|0x0000000088a00000, 0x0000000088a00000, 0x0000000088b00000|  0%| F|  |TAMS 0x0000000088a00000, 0x0000000088a00000| Untracked 
| 125|0x0000000088b00000, 0x0000000088b00000, 0x0000000088c00000|  0%| F|  |TAMS 0x0000000088b00000, 0x0000000088b00000| Untracked 
| 126|0x0000000088c00000, 0x0000000088c00000, 0x0000000088d00000|  0%| F|  |TAMS 0x0000000088c00000, 0x0000000088c00000| Untracked 
| 127|0x0000000088d00000, 0x0000000088d00000, 0x0000000088e00000|  0%| F|  |TAMS 0x0000000088d00000, 0x0000000088d00000| Untracked 
| 128|0x0000000088e00000, 0x0000000088e00000, 0x0000000088f00000|  0%| F|  |TAMS 0x0000000088e00000, 0x0000000088e00000| Untracked 
| 129|0x0000000088f00000, 0x0000000088f00000, 0x0000000089000000|  0%| F|  |TAMS 0x0000000088f00000, 0x0000000088f00000| Untracked 
| 130|0x0000000089000000, 0x0000000089000000, 0x0000000089100000|  0%| F|  |TAMS 0x0000000089000000, 0x0000000089000000| Untracked 
| 131|0x0000000089100000, 0x0000000089100000, 0x0000000089200000|  0%| F|  |TAMS 0x0000000089100000, 0x0000000089100000| Untracked 
| 132|0x0000000089200000, 0x0000000089200000, 0x0000000089300000|  0%| F|  |TAMS 0x0000000089200000, 0x0000000089200000| Untracked 
| 133|0x0000000089300000, 0x0000000089300000, 0x0000000089400000|  0%| F|  |TAMS 0x0000000089300000, 0x0000000089300000| Untracked 
| 134|0x0000000089400000, 0x0000000089400000, 0x0000000089500000|  0%| F|  |TAMS 0x0000000089400000, 0x0000000089400000| Untracked 
| 135|0x0000000089500000, 0x0000000089500000, 0x0000000089600000|  0%| F|  |TAMS 0x0000000089500000, 0x0000000089500000| Untracked 
| 136|0x0000000089600000, 0x0000000089600000, 0x0000000089700000|  0%| F|  |TAMS 0x0000000089600000, 0x0000000089600000| Untracked 
| 137|0x0000000089700000, 0x0000000089700000, 0x0000000089800000|  0%| F|  |TAMS 0x0000000089700000, 0x0000000089700000| Untracked 
| 138|0x0000000089800000, 0x0000000089800000, 0x0000000089900000|  0%| F|  |TAMS 0x0000000089800000, 0x0000000089800000| Untracked 
| 139|0x0000000089900000, 0x0000000089900000, 0x0000000089a00000|  0%| F|  |TAMS 0x0000000089900000, 0x0000000089900000| Untracked 
| 140|0x0000000089a00000, 0x0000000089a00000, 0x0000000089b00000|  0%| F|  |TAMS 0x0000000089a00000, 0x0000000089a00000| Untracked 
| 141|0x0000000089b00000, 0x0000000089b00000, 0x0000000089c00000|  0%| F|  |TAMS 0x0000000089b00000, 0x0000000089b00000| Untracked 
| 142|0x0000000089c00000, 0x0000000089c00000, 0x0000000089d00000|  0%| F|  |TAMS 0x0000000089c00000, 0x0000000089c00000| Untracked 
| 143|0x0000000089d00000, 0x0000000089d00000, 0x0000000089e00000|  0%| F|  |TAMS 0x0000000089d00000, 0x0000000089d00000| Untracked 
| 144|0x0000000089e00000, 0x0000000089e00000, 0x0000000089f00000|  0%| F|  |TAMS 0x0000000089e00000, 0x0000000089e00000| Untracked 
| 145|0x0000000089f00000, 0x0000000089f00000, 0x000000008a000000|  0%| F|  |TAMS 0x0000000089f00000, 0x0000000089f00000| Untracked 
| 146|0x000000008a000000, 0x000000008a000000, 0x000000008a100000|  0%| F|  |TAMS 0x000000008a000000, 0x000000008a000000| Untracked 
| 147|0x000000008a100000, 0x000000008a100000, 0x000000008a200000|  0%| F|  |TAMS 0x000000008a100000, 0x000000008a100000| Untracked 
| 148|0x000000008a200000, 0x000000008a200000, 0x000000008a300000|  0%| F|  |TAMS 0x000000008a200000, 0x000000008a200000| Untracked 
| 149|0x000000008a300000, 0x000000008a382e58, 0x000000008a400000| 51%| E|  |TAMS 0x000000008a300000, 0x000000008a300000| Complete 
| 150|0x000000008a400000, 0x000000008a500000, 0x000000008a500000|100%| E|CS|TAMS 0x000000008a400000, 0x000000008a400000| Complete 
| 151|0x000000008a500000, 0x000000008a600000, 0x000000008a600000|100%| E|CS|TAMS 0x000000008a500000, 0x000000008a500000| Complete 
| 152|0x000000008a600000, 0x000000008a700000, 0x000000008a700000|100%| E|CS|TAMS 0x000000008a600000, 0x000000008a600000| Complete 
| 153|0x000000008a700000, 0x000000008a800000, 0x000000008a800000|100%| E|CS|TAMS 0x000000008a700000, 0x000000008a700000| Complete 

Card table byte_map: [0x0000023a48600000,0x0000023a48a00000] _byte_map_base: 0x0000023a481f9000

Marking Bits (Prev, Next): (CMBitMap*) 0x0000023a30ed4490, (CMBitMap*) 0x0000023a30ed4458
 Prev Bits: [0x0000023a4add0000, 0x0000023a4cd98000)
 Next Bits: [0x0000023a48e00000, 0x0000023a4adc8000)

Polling page: 0x0000023a2ee50000

Metaspace:

Usage:
  Non-class:     26.63 MB capacity,    26.16 MB ( 98%) used,   429.60 KB (  2%) free+waste,    54.63 KB ( <1%) overhead. 
      Class:      3.58 MB capacity,     3.31 MB ( 92%) used,   250.55 KB (  7%) free+waste,    24.44 KB ( <1%) overhead. 
       Both:     30.21 MB capacity,    29.47 MB ( 98%) used,   680.15 KB (  2%) free+waste,    79.06 KB ( <1%) overhead. 

Virtual space:
  Non-class space:       28.00 MB reserved,      26.67 MB ( 95%) committed 
      Class space:        1.00 GB reserved,       3.63 MB ( <1%) committed 
             Both:        1.03 GB reserved,      30.30 MB (  3%) committed 

Chunk freelists:
   Non-Class:  5.13 KB
       Class:  2.38 KB
        Both:  7.50 KB

CodeHeap 'non-profiled nmethods': size=120064Kb used=1596Kb max_used=1596Kb free=118467Kb
 bounds [0x0000023a40cc0000, 0x0000023a40f30000, 0x0000023a48200000]
CodeHeap 'profiled nmethods': size=120000Kb used=8849Kb max_used=8849Kb free=111150Kb
 bounds [0x0000023a39790000, 0x0000023a3a040000, 0x0000023a40cc0000]
CodeHeap 'non-nmethods': size=5696Kb used=1122Kb max_used=1140Kb free=4573Kb
 bounds [0x0000023a39200000, 0x0000023a39470000, 0x0000023a39790000]
 total_blobs=5171 nmethods=3959 adapters=352
 compilation: enabled
              stopped_count=0, restarted_count=0
 full_count=0

Compilation events (10 events):
Event: 2.722 Thread 0x0000023a4f2b5000 nmethod 3965 0x0000023a3a032d90 code [0x0000023a3a032f40, 0x0000023a3a0330d8]
Event: 2.722 Thread 0x0000023a4f2b5000 3966       1       sun.reflect.generics.reflectiveObjects.LazyReflectiveObjectGenerator::getFactory (5 bytes)
Event: 2.722 Thread 0x0000023a4f2b5000 nmethod 3966 0x0000023a40e4ed10 code [0x0000023a40e4eec0, 0x0000023a40e4efd8]
Event: 2.723 Thread 0x0000023a4f2b5000 3967       3       java.lang.Math::min (46 bytes)
Event: 2.724 Thread 0x0000023a4f2b5000 nmethod 3967 0x0000023a3a033190 code [0x0000023a3a033360, 0x0000023a3a0336b8]
Event: 2.725 Thread 0x0000023a4f2b5000 3968       3       java.util.zip.ZipFile$Source$Key::hashCode (29 bytes)
Event: 2.725 Thread 0x0000023a4f2b5000 nmethod 3968 0x0000023a3a033790 code [0x0000023a3a0339a0, 0x0000023a3a033da0]
Event: 2.725 Thread 0x0000023a4f2b5000 3969       3       sun.nio.fs.WindowsPath::checkRead (17 bytes)
Event: 2.726 Thread 0x0000023a4f2b5000 nmethod 3969 0x0000023a3a033f90 code [0x0000023a3a034160, 0x0000023a3a0344b0]
Event: 2.726 Thread 0x0000023a4f2b5000 3970       3       sun.nio.fs.NativeBuffers::getNativeBuffer (21 bytes)

GC Heap History (10 events):
Event: 0.437 GC heap before
{Heap before GC invocations=0 (full 0):
 garbage-first heap   total 131072K, used 13312K [0x0000000080e00000, 0x0000000100000000)
  region size 1024K, 14 young (14336K), 0 survivors (0K)
 Metaspace       used 11081K, capacity 11209K, committed 11520K, reserved 1058816K
  class space    used 1112K, capacity 1184K, committed 1280K, reserved 1048576K
}
Event: 0.441 GC heap after
{Heap after GC invocations=1 (full 0):
 garbage-first heap   total 131072K, used 3064K [0x0000000080e00000, 0x0000000100000000)
  region size 1024K, 2 young (2048K), 2 survivors (2048K)
 Metaspace       used 11081K, capacity 11209K, committed 11520K, reserved 1058816K
  class space    used 1112K, capacity 1184K, committed 1280K, reserved 1048576K
}
Event: 0.664 GC heap before
{Heap before GC invocations=1 (full 0):
 garbage-first heap   total 131072K, used 18424K [0x0000000080e00000, 0x0000000100000000)
  region size 1024K, 17 young (17408K), 2 survivors (2048K)
 Metaspace       used 12562K, capacity 12755K, committed 12928K, reserved 1060864K
  class space    used 1307K, capacity 1379K, committed 1408K, reserved 1048576K
}
Event: 0.668 GC heap after
{Heap after GC invocations=2 (full 0):
 garbage-first heap   total 131072K, used 3602K [0x0000000080e00000, 0x0000000100000000)
  region size 1024K, 1 young (1024K), 1 survivors (1024K)
 Metaspace       used 12562K, capacity 12755K, committed 12928K, reserved 1060864K
  class space    used 1307K, capacity 1379K, committed 1408K, reserved 1048576K
}
Event: 1.037 GC heap before
{Heap before GC invocations=2 (full 0):
 garbage-first heap   total 131072K, used 28178K [0x0000000080e00000, 0x0000000100000000)
  region size 1024K, 25 young (25600K), 1 survivors (1024K)
 Metaspace       used 16839K, capacity 17047K, committed 17152K, reserved 1064960K
  class space    used 1861K, capacity 1971K, committed 2048K, reserved 1048576K
}
Event: 1.041 GC heap after
{Heap after GC invocations=3 (full 0):
 garbage-first heap   total 131072K, used 5040K [0x0000000080e00000, 0x0000000100000000)
  region size 1024K, 2 young (2048K), 2 survivors (2048K)
 Metaspace       used 16839K, capacity 17047K, committed 17152K, reserved 1064960K
  class space    used 1861K, capacity 1971K, committed 2048K, reserved 1048576K
}
Event: 1.724 GC heap before
{Heap before GC invocations=3 (full 0):
 garbage-first heap   total 131072K, used 40880K [0x0000000080e00000, 0x0000000100000000)
  region size 1024K, 38 young (38912K), 2 survivors (2048K)
 Metaspace       used 20829K, capacity 21199K, committed 21296K, reserved 1069056K
  class space    used 2261K, capacity 2387K, committed 2432K, reserved 1048576K
}
Event: 1.733 GC heap after
{Heap after GC invocations=4 (full 0):
 garbage-first heap   total 131072K, used 7418K [0x0000000080e00000, 0x0000000100000000)
  region size 1024K, 5 young (5120K), 5 survivors (5120K)
 Metaspace       used 20829K, capacity 21199K, committed 21296K, reserved 1069056K
  class space    used 2261K, capacity 2387K, committed 2432K, reserved 1048576K
}
Event: 2.655 GC heap before
{Heap before GC invocations=5 (full 0):
 garbage-first heap   total 131072K, used 61690K [0x0000000080e00000, 0x0000000100000000)
  region size 1024K, 58 young (59392K), 5 survivors (5120K)
 Metaspace       used 30005K, capacity 30696K, committed 31024K, reserved 1077248K
  class space    used 3370K, capacity 3621K, committed 3712K, reserved 1048576K
}
Event: 2.668 GC heap after
{Heap after GC invocations=6 (full 0):
 garbage-first heap   total 157696K, used 11566K [0x0000000080e00000, 0x0000000100000000)
  region size 1024K, 8 young (8192K), 8 survivors (8192K)
 Metaspace       used 30005K, capacity 30696K, committed 31024K, reserved 1077248K
  class space    used 3370K, capacity 3621K, committed 3712K, reserved 1048576K
}

Deoptimization events (10 events):
Event: 2.538 Thread 0x0000023a30e97000 Uncommon trap: reason=bimorphic_or_optimized_type_check action=maybe_recompile pc=0x0000023a40dcfb38 method=java.util.HashMap.putVal(ILjava/lang/Object;Ljava/lang/Object;ZZ)Ljava/lang/Object; @ 253 c2
Event: 2.539 Thread 0x0000023a30e97000 Uncommon trap: reason=bimorphic_or_optimized_type_check action=maybe_recompile pc=0x0000023a40dcfb38 method=java.util.HashMap.putVal(ILjava/lang/Object;Ljava/lang/Object;ZZ)Ljava/lang/Object; @ 253 c2
Event: 2.549 Thread 0x0000023a30e97000 Uncommon trap: reason=bimorphic_or_optimized_type_check action=maybe_recompile pc=0x0000023a40d573b4 method=java.util.HashMap.putVal(ILjava/lang/Object;Ljava/lang/Object;ZZ)Ljava/lang/Object; @ 253 c2
Event: 2.584 Thread 0x0000023a30e97000 Uncommon trap: reason=unstable_if action=reinterpret pc=0x0000023a40e3e0a0 method=com.sun.tools.javac.util.ArrayUtils.ensureCapacity([BI)[B @ 3 c2
Event: 2.611 Thread 0x0000023a30e97000 Uncommon trap: reason=class_check action=maybe_recompile pc=0x0000023a40d91670 method=java.nio.charset.CharsetDecoder.decode(Ljava/nio/ByteBuffer;Ljava/nio/CharBuffer;Z)Ljava/nio/charset/CoderResult; @ 57 c2
Event: 2.611 Thread 0x0000023a30e97000 Uncommon trap: reason=class_check action=maybe_recompile pc=0x0000023a40d1daf4 method=java.nio.charset.CharsetDecoder.decode(Ljava/nio/ByteBuffer;Ljava/nio/CharBuffer;Z)Ljava/nio/charset/CoderResult; @ 57 c2
Event: 2.652 Thread 0x0000023a30e97000 Uncommon trap: reason=class_check action=maybe_recompile pc=0x0000023a40dff908 method=org.apache.maven.model.interpolation.StringSearchModelInterpolator$InterpolateObjectAction$MapField.doInterpolate(Ljava/lang/Object;Lorg/apache/maven/model/interpolation
Event: 2.682 Thread 0x0000023a30e97000 Uncommon trap: reason=class_check action=maybe_recompile pc=0x0000023a40dff908 method=org.apache.maven.model.interpolation.StringSearchModelInterpolator$InterpolateObjectAction$MapField.doInterpolate(Ljava/lang/Object;Lorg/apache/maven/model/interpolation
Event: 2.683 Thread 0x0000023a30e97000 Uncommon trap: reason=class_check action=maybe_recompile pc=0x0000023a40dff908 method=org.apache.maven.model.interpolation.StringSearchModelInterpolator$InterpolateObjectAction$MapField.doInterpolate(Ljava/lang/Object;Lorg/apache/maven/model/interpolation
Event: 2.683 Thread 0x0000023a30e97000 Uncommon trap: reason=class_check action=maybe_recompile pc=0x0000023a40dff908 method=org.apache.maven.model.interpolation.StringSearchModelInterpolator$InterpolateObjectAction$MapField.doInterpolate(Ljava/lang/Object;Lorg/apache/maven/model/interpolation

Classes redefined (0 events):
No events

Internal exceptions (10 events):
Event: 2.387 Thread 0x0000023a30e97000 Exception <a 'sun/nio/fs/WindowsException'{0x0000000086bb63c8}> (0x0000000086bb63c8) thrown at [t:/workspace/open/src/hotspot/share/prims/jni.cpp, line 615]
Event: 2.387 Thread 0x0000023a30e97000 Exception <a 'sun/nio/fs/WindowsException'{0x0000000086bb77a0}> (0x0000000086bb77a0) thrown at [t:/workspace/open/src/hotspot/share/prims/jni.cpp, line 615]
Event: 2.387 Thread 0x0000023a30e97000 Exception <a 'sun/nio/fs/WindowsException'{0x0000000086bb7a38}> (0x0000000086bb7a38) thrown at [t:/workspace/open/src/hotspot/share/prims/jni.cpp, line 615]
Event: 2.387 Thread 0x0000023a30e97000 Exception <a 'sun/nio/fs/WindowsException'{0x0000000086bb8fc0}> (0x0000000086bb8fc0) thrown at [t:/workspace/open/src/hotspot/share/prims/jni.cpp, line 615]
Event: 2.387 Thread 0x0000023a30e97000 Exception <a 'sun/nio/fs/WindowsException'{0x0000000086bb92a0}> (0x0000000086bb92a0) thrown at [t:/workspace/open/src/hotspot/share/prims/jni.cpp, line 615]
Event: 2.501 Thread 0x0000023a30e97000 Exception <a 'java/lang/NoSuchMethodError'{0x0000000085a26b60}: java.lang.invoke.DirectMethodHandle$Holder.invokeVirtual(Ljava/lang/Object;Ljava/lang/Object;Ljava/lang/Object;Ljava/lang/Object;)I> (0x0000000085a26b60) thrown at [t:/workspace/open/src/hots
Event: 2.502 Thread 0x0000023a30e97000 Exception <a 'java/lang/NoSuchMethodError'{0x0000000085a319f0}: java.lang.invoke.DirectMethodHandle$Holder.invokeStatic(Ljava/lang/Object;Ljava/lang/Object;ILjava/lang/Object;)Ljava/lang/Object;> (0x0000000085a319f0) thrown at [t:/workspace/open/src/hotsp
Event: 2.502 Thread 0x0000023a30e97000 Exception <a 'java/lang/NoSuchMethodError'{0x0000000085a38768}: java.lang.invoke.Invokers$Holder.linkToTargetMethod(Ljava/lang/Object;ILjava/lang/Object;Ljava/lang/Object;)Ljava/lang/Object;> (0x0000000085a38768) thrown at [t:/workspace/open/src/hotspot/s
Event: 2.503 Thread 0x0000023a30e97000 Exception <a 'java/lang/NoSuchMethodError'{0x0000000085a3e1a8}: java.lang.invoke.DirectMethodHandle$Holder.invokeVirtual(Ljava/lang/Object;Ljava/lang/Object;Ljava/lang/Object;)Ljava/lang/Object;> (0x0000000085a3e1a8) thrown at [t:/workspace/open/src/hotsp
Event: 2.556 Thread 0x0000023a30e97000 Exception <a 'sun/nio/fs/WindowsException'{0x000000008592b400}> (0x000000008592b400) thrown at [t:/workspace/open/src/hotspot/share/prims/jni.cpp, line 615]

Events (10 events):
Event: 2.717 loading class org/codehaus/mojo/exec/ExecJavaMojo
Event: 2.717 loading class org/codehaus/mojo/exec/ExecJavaMojo done
Event: 2.717 loading class org/codehaus/mojo/exec/ExecJavaMojo
Event: 2.717 loading class org/codehaus/mojo/exec/ExecJavaMojo done
Event: 2.727 loading class org/apache/maven/toolchain/ToolchainFactory
Event: 2.727 loading class org/apache/maven/toolchain/ToolchainFactory done
Event: 2.727 loading class org/apache/maven/toolchain/ToolchainFactory
Event: 2.727 loading class org/apache/maven/toolchain/ToolchainFactory done
Event: 2.727 loading class org/apache/maven/toolchain/ToolchainFactory
Event: 2.727 loading class org/apache/maven/toolchain/ToolchainFactory done


Dynamic libraries:
0x00007ff7d5340000 - 0x00007ff7d5387000 	C:\Program Files\Java\jdk-11.0.5\bin\java.exe
0x00007ffec8aa0000 - 0x00007ffec8c90000 	C:\Windows\SYSTEM32\ntdll.dll
0x00007ffec6fa0000 - 0x00007ffec7052000 	C:\Windows\System32\KERNEL32.DLL
0x00007ffec5b30000 - 0x00007ffec5dd3000 	C:\Windows\System32\KERNELBASE.dll
0x00007ffec6e70000 - 0x00007ffec6f13000 	C:\Windows\System32\ADVAPI32.dll
0x00007ffec70a0000 - 0x00007ffec713e000 	C:\Windows\System32\msvcrt.dll
0x00007ffec6dd0000 - 0x00007ffec6e67000 	C:\Windows\System32\sechost.dll
0x00007ffec88b0000 - 0x00007ffec89d0000 	C:\Windows\System32\RPCRT4.dll
0x00007ffec7350000 - 0x00007ffec74e4000 	C:\Windows\System32\USER32.dll
0x00007ffec5e60000 - 0x00007ffec5e81000 	C:\Windows\System32\win32u.dll
0x00007ffec89d0000 - 0x00007ffec89f6000 	C:\Windows\System32\GDI32.dll
0x00007ffec69b0000 - 0x00007ffec6b44000 	C:\Windows\System32\gdi32full.dll
0x00007ffec5f90000 - 0x00007ffec602e000 	C:\Windows\System32\msvcp_win.dll
0x00007ffec5e90000 - 0x00007ffec5f8a000 	C:\Windows\System32\ucrtbase.dll
0x00007ffebb5e0000 - 0x00007ffebb865000 	C:\Windows\WinSxS\amd64_microsoft.windows.common-controls_6595b64144ccf1df_6.0.18362.592_none_e6c0b1911312be02\COMCTL32.dll
0x00007ffebeab0000 - 0x00007ffebeaba000 	C:\Windows\SYSTEM32\VERSION.dll
0x00007ffec8270000 - 0x00007ffec85a6000 	C:\Windows\System32\combase.dll
0x00007ffec5de0000 - 0x00007ffec5e60000 	C:\Windows\System32\bcryptPrimitives.dll
0x00007ffec7060000 - 0x00007ffec708e000 	C:\Windows\System32\IMM32.DLL
0x00007ffeb5260000 - 0x00007ffeb5276000 	C:\Program Files\Java\jdk-11.0.5\bin\vcruntime140.dll
0x00007ffe8aff0000 - 0x00007ffe8b09a000 	C:\Program Files\Java\jdk-11.0.5\bin\msvcp140.dll
0x00007ffe7a580000 - 0x00007ffe7b0a8000 	C:\Program Files\Java\jdk-11.0.5\bin\server\jvm.dll
0x00007ffec7090000 - 0x00007ffec7098000 	C:\Windows\System32\PSAPI.DLL
0x00007ffec5010000 - 0x00007ffec5019000 	C:\Windows\SYSTEM32\WSOCK32.dll
0x00007ffec2bc0000 - 0x00007ffec2be4000 	C:\Windows\SYSTEM32\WINMM.dll
0x00007ffec8710000 - 0x00007ffec877f000 	C:\Windows\System32\WS2_32.dll
0x00007ffec29a0000 - 0x00007ffec29cd000 	C:\Windows\SYSTEM32\winmmbase.dll
0x00007ffec5ac0000 - 0x00007ffec5b0a000 	C:\Windows\System32\cfgmgr32.dll
0x00007ffec59d0000 - 0x00007ffec59e1000 	C:\Windows\System32\kernel.appcore.dll
0x00007ffeb35a0000 - 0x00007ffeb35b1000 	C:\Program Files\Java\jdk-11.0.5\bin\verify.dll
0x00007ffec5490000 - 0x00007ffec5684000 	C:\Windows\SYSTEM32\DBGHELP.DLL
0x00007ffec5200000 - 0x00007ffec522a000 	C:\Windows\SYSTEM32\dbgcore.DLL
0x00007ffeb35c0000 - 0x00007ffeb35e9000 	C:\Program Files\Java\jdk-11.0.5\bin\java.dll
0x00007ffeb3580000 - 0x00007ffeb3596000 	C:\Program Files\Java\jdk-11.0.5\bin\zip.dll
0x00007ffec2b20000 - 0x00007ffec2b2a000 	C:\Program Files\Java\jdk-11.0.5\bin\jimage.dll
0x00007ffec74f0000 - 0x00007ffec7bd5000 	C:\Windows\System32\SHELL32.dll
0x00007ffec7be0000 - 0x00007ffec7c89000 	C:\Windows\System32\shcore.dll
0x00007ffec60e0000 - 0x00007ffec685f000 	C:\Windows\System32\windows.storage.dll
0x00007ffec59f0000 - 0x00007ffec5a0f000 	C:\Windows\System32\profapi.dll
0x00007ffec5980000 - 0x00007ffec59ca000 	C:\Windows\System32\powrprof.dll
0x00007ffec5970000 - 0x00007ffec5980000 	C:\Windows\System32\UMPDC.dll
0x00007ffec7140000 - 0x00007ffec7192000 	C:\Windows\System32\shlwapi.dll
0x00007ffec5b10000 - 0x00007ffec5b27000 	C:\Windows\System32\cryptsp.dll
0x00007ffeae890000 - 0x00007ffeae8a9000 	C:\Program Files\Java\jdk-11.0.5\bin\net.dll
0x00007ffeb9610000 - 0x00007ffeb9700000 	C:\Windows\SYSTEM32\WINHTTP.dll
0x00007ffec4b60000 - 0x00007ffec4bc7000 	C:\Windows\system32\mswsock.dll
0x00007ffeae870000 - 0x00007ffeae883000 	C:\Program Files\Java\jdk-11.0.5\bin\nio.dll

dbghelp: loaded successfully - version: 4.0.5 - missing functions: none
symbol engine: initialized successfully - sym options: 0x614 - pdb path: .;C:\Program Files\Java\jdk-11.0.5\bin;C:\Windows\SYSTEM32;C:\Windows\WinSxS\amd64_microsoft.windows.common-controls_6595b64144ccf1df_6.0.18362.592_none_e6c0b1911312be02;C:\Program Files\Java\jdk-11.0.5\bin\server

VM Arguments:
jvm_args: -Dclassworlds.conf=C:\Program Files\NetBeans-11.2\netbeans\java\maven\bin\m2.conf -Dmaven.home=C:\Program Files\NetBeans-11.2\netbeans\java\maven -Dmaven.multiModuleProjectDirectory=C:\Users\Ruxi\Documents\NetBeansProjects\Assignment2 
java_command: org.codehaus.plexus.classworlds.launcher.Launcher -Dexec.args=-classpath %classpath assignment2.ParsareTxt -Dexec.executable=C:\Program Files\Java\jdk-11.0.5\bin\java.exe -Dexec.classpathScope=runtime -Dmaven.ext.class.path=C:\Program Files\NetBeans-11.2\netbeans\java\maven-nblib\netbeans-eventspy.jar -Dfile.encoding=UTF-8 process-classes org.codehaus.mojo:exec-maven-plugin:1.5.0:exec
java_class_path (initial): C:\Program Files\NetBeans-11.2\netbeans\java\maven\boot\plexus-classworlds-2.5.2.jar
Launcher Type: SUN_STANDARD

[Global flags]
     intx CICompilerCount                          = 3                                         {product} {ergonomic}
     uint ConcGCThreads                            = 1                                         {product} {ergonomic}
     uint G1ConcRefinementThreads                  = 4                                         {product} {ergonomic}
   size_t G1HeapRegionSize                         = 1048576                                   {product} {ergonomic}
    uintx GCDrainStackTargetSize                   = 64                                        {product} {ergonomic}
   size_t InitialHeapSize                          = 134217728                                 {product} {ergonomic}
   size_t MarkStackSize                            = 4194304                                   {product} {ergonomic}
   size_t MaxHeapSize                              = 2132803584                                {product} {ergonomic}
   size_t MaxNewSize                               = 1279262720                                {product} {ergonomic}
   size_t MinHeapDeltaBytes                        = 1048576                                   {product} {ergonomic}
    uintx NonNMethodCodeHeapSize                   = 5830732                                {pd product} {ergonomic}
    uintx NonProfiledCodeHeapSize                  = 122913754                              {pd product} {ergonomic}
    uintx ProfiledCodeHeapSize                     = 122913754                              {pd product} {ergonomic}
    uintx ReservedCodeCacheSize                    = 251658240                              {pd product} {ergonomic}
     bool SegmentedCodeCache                       = true                                      {product} {ergonomic}
     bool UseCompressedClassPointers               = true                                 {lp64_product} {ergonomic}
     bool UseCompressedOops                        = true                                 {lp64_product} {ergonomic}
     bool UseG1GC                                  = true                                      {product} {ergonomic}
     bool UseLargePagesIndividualAllocation        = false                                  {pd product} {ergonomic}

Logging:
Log output configuration:
 #0: stdout all=warning uptime,level,tags
 #1: stderr all=off uptime,level,tags

Environment Variables:
JAVA_HOME=C:\Program Files\Java\jdk-11.0.5
PATH=C:\Windows\system32;C:\Windows;C:\Windows\System32\Wbem;C:\Windows\System32\WindowsPowerShell\v1.0\;C:\Windows\System32\OpenSSH\;C:\Program Files\MySQL\MySQL Shell 8.0\bin\;C:\Users\Ruxi\AppData\Local\Microsoft\WindowsApps;C:\Users\Ruxi\AppData\Local\GitHubDesktop\bin;C:\Program Files\MySQL\MySQL Server 8.0\bin;
USERNAME=Ruxi
OS=Windows_NT
PROCESSOR_IDENTIFIER=Intel64 Family 6 Model 60 Stepping 3, GenuineIntel



---------------  S Y S T E M  ---------------

OS: Windows 10 , 64 bit Build 18362 (10.0.18362.329)

CPU:total 4 (initial active 4) (2 cores per cpu, 2 threads per core) family 6 model 60 stepping 3, cmov, cx8, fxsr, mmx, sse, sse2, sse3, ssse3, sse4.1, sse4.2, popcnt, avx, avx2, aes, clmul, erms, lzcnt, ht, tsc, tscinvbit, bmi1, bmi2, fma

Memory: 4k page, system-wide physical 8130M (4788M free)
TotalPageFile size 9410M (AvailPageFile size 2391M)
current process WorkingSet (physical memory assigned to process): 205M, peak: 205M
current process commit charge ("private bytes"): 313M, peak: 313M

vm_info: Java HotSpot(TM) 64-Bit Server VM (11.0.5+10-LTS) for windows-amd64 JRE (11.0.5+10-LTS), built on Oct  6 2019 12:37:14 by "mach5one" with MS VC++ 15.5 (VS2017)

END.
